<?xml version="1.0" encoding="UTF-8"?>
<!-- Generated by org.testng.reporters.JUnitXMLReporter -->
<testsuite ignored="0" hostname="AS-J9LZFK3-L" failures="0" tests="3" name="ChromeTest" time="66.587" errors="0" timestamp="2024-07-05T11:47:52 IST">
  <testcase classname="com.example.tests.HomeTest" name="testLogin" time="21.461"/>
  <testcase classname="com.example.tests.EndToEndTest" name="testLogin" time="23.472"/>
  <testcase classname="com.example.tests.EndToEndTest" name="testFailure" time="0.032"/>
</testsuite> <!-- ChromeTest -->
