<?xml version="1.0" encoding="UTF-8"?>
<testng-results ignored="0" total="3" passed="3" failed="0" skipped="0">
  <reporter-output>
  </reporter-output>
  <suite started-at="2024-07-05T11:46:45 IST" name="LoginTestSuite" finished-at="2024-07-05T11:47:52 IST" duration-ms="66587">
    <groups>
    </groups>
    <test started-at="2024-07-05T11:46:45 IST" name="ChromeTest" finished-at="2024-07-05T11:47:52 IST" duration-ms="66587">
      <class name="com.example.tests.HomeTest">
        <test-method is-config="true" signature="setUp(java.lang.String)[pri:0, instance:com.example.tests.HomeTest@503f91c3]" started-at="2024-07-05T11:46:45 IST" name="setUp" finished-at="2024-07-05T11:46:58 IST" duration-ms="12668" status="PASS">
          <params>
            <param index="0">
              <value>
                <![CDATA[chrome]]>
              </value>
            </param>
          </params>
          <reporter-output>
          </reporter-output>
        </test-method> <!-- setUp -->
        <test-method signature="testLogin(java.lang.String,java.lang.String)[pri:0, instance:com.example.tests.HomeTest@503f91c3]" started-at="2024-07-05T11:46:58 IST" name="testLogin" finished-at="2024-07-05T11:47:19 IST" duration-ms="21461" status="PASS">
          <params>
            <param index="0">
              <value>
                <![CDATA[standard_user]]>
              </value>
            </param>
            <param index="1">
              <value>
                <![CDATA[secret_sauce]]>
              </value>
            </param>
          </params>
          <reporter-output>
          </reporter-output>
        </test-method> <!-- testLogin -->
        <test-method is-config="true" signature="updateTestStatus(org.testng.ITestResult)[pri:0, instance:com.example.tests.HomeTest@503f91c3]" started-at="2024-07-05T11:47:19 IST" name="updateTestStatus" finished-at="2024-07-05T11:47:19 IST" duration-ms="11" status="PASS">
          <params>
            <param index="0">
              <value>
                <![CDATA[[TestResult name=testLogin status=SUCCESS method=HomeTest.testLogin(java.lang.String,java.lang.String)[pri:0, instance:com.example.tests.HomeTest@503f91c3] output={null}]]]>
              </value>
            </param>
          </params>
          <reporter-output>
          </reporter-output>
        </test-method> <!-- updateTestStatus -->
        <test-method is-config="true" signature="tearDown()[pri:0, instance:com.example.tests.HomeTest@503f91c3]" started-at="2024-07-05T11:47:20 IST" name="tearDown" finished-at="2024-07-05T11:47:52 IST" duration-ms="32204" status="PASS">
          <reporter-output>
          </reporter-output>
        </test-method> <!-- tearDown -->
      </class> <!-- com.example.tests.HomeTest -->
      <class name="com.example.tests.EndToEndTest">
        <test-method is-config="true" signature="setUp(java.lang.String)[pri:0, instance:com.example.tests.EndToEndTest@10289886]" started-at="2024-07-05T11:46:45 IST" name="setUp" finished-at="2024-07-05T11:46:58 IST" duration-ms="12599" status="PASS">
          <params>
            <param index="0">
              <value>
                <![CDATA[chrome]]>
              </value>
            </param>
          </params>
          <reporter-output>
          </reporter-output>
        </test-method> <!-- setUp -->
        <test-method signature="testLogin(java.lang.String,java.lang.String)[pri:1, instance:com.example.tests.EndToEndTest@10289886]" started-at="2024-07-05T11:46:58 IST" name="testLogin" finished-at="2024-07-05T11:47:21 IST" duration-ms="23472" status="PASS">
          <params>
            <param index="0">
              <value>
                <![CDATA[standard_user]]>
              </value>
            </param>
            <param index="1">
              <value>
                <![CDATA[secret_sauce]]>
              </value>
            </param>
          </params>
          <reporter-output>
          </reporter-output>
        </test-method> <!-- testLogin -->
        <test-method is-config="true" signature="updateTestStatus(org.testng.ITestResult)[pri:0, instance:com.example.tests.EndToEndTest@10289886]" started-at="2024-07-05T11:47:21 IST" name="updateTestStatus" finished-at="2024-07-05T11:47:21 IST" duration-ms="57" status="PASS">
          <params>
            <param index="0">
              <value>
                <![CDATA[[TestResult name=testLogin status=SUCCESS method=EndToEndTest.testLogin(java.lang.String,java.lang.String)[pri:1, instance:com.example.tests.EndToEndTest@10289886] output={null}]]]>
              </value>
            </param>
          </params>
          <reporter-output>
          </reporter-output>
        </test-method> <!-- updateTestStatus -->
        <test-method signature="testFailure()[pri:2, instance:com.example.tests.EndToEndTest@10289886]" started-at="2024-07-05T11:47:21 IST" name="testFailure" description="Verify failure msg" finished-at="2024-07-05T11:47:21 IST" duration-ms="32" status="PASS">
          <reporter-output>
          </reporter-output>
        </test-method> <!-- testFailure -->
        <test-method is-config="true" signature="updateTestStatus(org.testng.ITestResult)[pri:0, instance:com.example.tests.EndToEndTest@10289886]" started-at="2024-07-05T11:47:21 IST" name="updateTestStatus" finished-at="2024-07-05T11:47:21 IST" duration-ms="4" status="PASS">
          <params>
            <param index="0">
              <value>
                <![CDATA[[TestResult name=testFailure status=SUCCESS method=EndToEndTest.testFailure()[pri:2, instance:com.example.tests.EndToEndTest@10289886] output={null}]]]>
              </value>
            </param>
          </params>
          <reporter-output>
          </reporter-output>
        </test-method> <!-- updateTestStatus -->
        <test-method is-config="true" signature="tearDown()[pri:0, instance:com.example.tests.EndToEndTest@10289886]" started-at="2024-07-05T11:47:21 IST" name="tearDown" finished-at="2024-07-05T11:47:48 IST" duration-ms="26760" status="PASS">
          <reporter-output>
          </reporter-output>
        </test-method> <!-- tearDown -->
      </class> <!-- com.example.tests.EndToEndTest -->
    </test> <!-- ChromeTest -->
  </suite> <!-- LoginTestSuite -->
</testng-results>
