<?xml version="1.0" encoding="UTF-8"?>
<!-- Generated by org.testng.reporters.JUnitReportReporter -->
<testsuite hostname="AS-J9LZFK3-L" failures="0" tests="2" name="com.example.tests.EndToEndTest" time="23.565" errors="0" timestamp="2024-07-05T11:47:52 IST" skipped="0">
  <testcase classname="com.example.tests.EndToEndTest" name="testLogin" time="23.529"/>
  <system-out/>
  <testcase classname="com.example.tests.EndToEndTest" name="testFailure" time="0.036"/>
  <system-out/>
</testsuite> <!-- com.example.tests.EndToEndTest -->
