<?xml version="1.0" encoding="UTF-8"?>
<!-- Generated by org.testng.reporters.JUnitReportReporter -->
<testsuite hostname="AS-J9LZFK3-L" failures="0" tests="2" name="com.example.tests.EndToEndTest" time="20.014" errors="0" timestamp="2024-07-04T14:21:20 IST" skipped="0">
  <testcase classname="com.example.tests.EndToEndTest" name="testLogin" time="19.975"/>
  <system-out/>
  <testcase classname="com.example.tests.EndToEndTest" name="testFailure" time="0.039"/>
  <system-out/>
</testsuite> <!-- com.example.tests.EndToEndTest -->
